0 info it worked if it ends with ok
1 verbose cli [ '/home/marcosrava/.nvm/versions/node/v6.3.1/bin/node',
1 verbose cli   '/home/marcosrava/.nvm/versions/node/v6.3.1/bin/npm',
1 verbose cli   'run',
1 verbose cli   'simple-test' ]
2 info using npm@3.10.3
3 info using node@v6.3.1
4 verbose run-script [ 'presimple-test', 'simple-test', 'postsimple-test' ]
5 info lifecycle betelgeuse@0.0.0~presimple-test: betelgeuse@0.0.0
6 silly lifecycle betelgeuse@0.0.0~presimple-test: no script for presimple-test, continuing
7 info lifecycle betelgeuse@0.0.0~simple-test: betelgeuse@0.0.0
8 verbose lifecycle betelgeuse@0.0.0~simple-test: unsafe-perm in lifecycle true
9 verbose lifecycle betelgeuse@0.0.0~simple-test: PATH: /home/marcosrava/.nvm/versions/node/v6.3.1/lib/node_modules/npm/bin/node-gyp-bin:/media/marcosrava/Files/marcosrava/workspace/betelgeuse/node_modules/.bin:/home/marcosrava/.nvm/versions/node/v6.3.1/bin:/home/marcosrava/.nvm/versions/node/v6.3.1/bin:/usr/local/sbin:/usr/local/bin:/usr/sbin:/usr/bin:/sbin:/bin:/usr/games:/usr/local/games
10 verbose lifecycle betelgeuse@0.0.0~simple-test: CWD: /media/marcosrava/Files/marcosrava/workspace/betelgeuse
11 silly lifecycle betelgeuse@0.0.0~simple-test: Args: [ '-c', 'mocha --compilers js:babel-core/register' ]
12 silly lifecycle betelgeuse@0.0.0~simple-test: Returned: code: 1  signal: null
13 info lifecycle betelgeuse@0.0.0~simple-test: Failed to exec simple-test script
14 verbose stack Error: betelgeuse@0.0.0 simple-test: `mocha --compilers js:babel-core/register`
14 verbose stack Exit status 1
14 verbose stack     at EventEmitter.<anonymous> (/home/marcosrava/.nvm/versions/node/v6.3.1/lib/node_modules/npm/lib/utils/lifecycle.js:242:16)
14 verbose stack     at emitTwo (events.js:106:13)
14 verbose stack     at EventEmitter.emit (events.js:191:7)
14 verbose stack     at ChildProcess.<anonymous> (/home/marcosrava/.nvm/versions/node/v6.3.1/lib/node_modules/npm/lib/utils/spawn.js:40:14)
14 verbose stack     at emitTwo (events.js:106:13)
14 verbose stack     at ChildProcess.emit (events.js:191:7)
14 verbose stack     at maybeClose (internal/child_process.js:852:16)
14 verbose stack     at Process.ChildProcess._handle.onexit (internal/child_process.js:215:5)
15 verbose pkgid betelgeuse@0.0.0
16 verbose cwd /media/marcosrava/Files/marcosrava/workspace/betelgeuse
17 error Linux 4.2.0-42-generic
18 error argv "/home/marcosrava/.nvm/versions/node/v6.3.1/bin/node" "/home/marcosrava/.nvm/versions/node/v6.3.1/bin/npm" "run" "simple-test"
19 error node v6.3.1
20 error npm  v3.10.3
21 error code ELIFECYCLE
22 error betelgeuse@0.0.0 simple-test: `mocha --compilers js:babel-core/register`
22 error Exit status 1
23 error Failed at the betelgeuse@0.0.0 simple-test script 'mocha --compilers js:babel-core/register'.
23 error Make sure you have the latest version of node.js and npm installed.
23 error If you do, this is most likely a problem with the betelgeuse package,
23 error not with npm itself.
23 error Tell the author that this fails on your system:
23 error     mocha --compilers js:babel-core/register
23 error You can get information on how to open an issue for this project with:
23 error     npm bugs betelgeuse
23 error Or if that isn't available, you can get their info via:
23 error     npm owner ls betelgeuse
23 error There is likely additional logging output above.
24 verbose exit [ 1, true ]
